{"level":"INFO","message":"[6:30:22.464 AM]: Creating new connection object"}
{"level":"INFO","message":"[6:30:22.541 AM]: Creating Connection[id: fa3c5f36-a8ea-4edf-86fa-51a44ce23d2e] with host: your_account.snowflakecomputing.com, account: your_account, accessUrl: https://your_account.snowflakecomputing.com, user: your_snowflake_user, role: undefined, database: your_database, schema: your_schema, warehouse: your_warehouse, proxy was not configured, password is provided, region: undefined, authenticator: SNOWFLAKE, ocsp mode: FAIL_OPEN, os: win32, os version: 10.0.19045"}
{"level":"INFO","message":"[6:30:22.541 AM]: Connection[id: fa3c5f36-a8ea-4edf-86fa-51a44ce23d2e] additional details: passcode in password is provided, passcode is not provided, private key is not provided, application: undefined, client name: snowflake-sdk, client version: 2.0.1, retry timeout: 300, private key path: undefined, private key pass is not provided, client store temporary credential: false, browser response timeout: 120000"}
{"level":"INFO","message":"[6:30:22.542 AM]: Connection[id: fa3c5f36-a8ea-4edf-86fa-51a44ce23d2e] - connection object created successfully."}
{"level":"INFO","message":"[6:30:22.555 AM]: Connection[id: fa3c5f36-a8ea-4edf-86fa-51a44ce23d2e] - connecting. Associated Snowflake domain: GLOBAL"}
{"level":"INFO","message":"[6:30:22.557 AM]: Connection[id: fa3c5f36-a8ea-4edf-86fa-51a44ce23d2e] - authentication successful using: SNOWFLAKE"}
{"level":"INFO","message":"[6:30:22.557 AM]: Trying to initialize Easy Logging"}
{"level":"INFO","message":"[6:30:22.559 AM]: No client config detected."}
{"level":"INFO","message":"[6:30:22.559 AM]: No config file path found. Client config will not be used."}
{"level":"INFO","message":"[6:30:22.559 AM]: Easy Logging is disabled as no config has been found"}
{"level":"INFO","message":"[6:30:22.563 AM]: Connection[id: fa3c5f36-a8ea-4edf-86fa-51a44ce23d2e] - connected successfully after 7.607700005173683 milliseconds"}
{"level":"INFO","message":"[8:00:46.198 AM]: Creating new connection object"}
{"level":"INFO","message":"[8:00:46.208 AM]: Creating Connection[id: 6f2d4cf1-9431-495f-8287-2bb3ec8c6520] with host: your_account.snowflakecomputing.com, account: your_account, accessUrl: https://your_account.snowflakecomputing.com, user: your_snowflake_user, role: undefined, database: your_database, schema: your_schema, warehouse: your_warehouse, proxy was not configured, password is provided, region: undefined, authenticator: SNOWFLAKE, ocsp mode: FAIL_OPEN, os: win32, os version: 10.0.19045"}
{"level":"INFO","message":"[8:00:46.208 AM]: Connection[id: 6f2d4cf1-9431-495f-8287-2bb3ec8c6520] additional details: passcode in password is provided, passcode is not provided, private key is not provided, application: undefined, client name: snowflake-sdk, client version: 2.0.1, retry timeout: 300, private key path: undefined, private key pass is not provided, client store temporary credential: false, browser response timeout: 120000"}
{"level":"INFO","message":"[8:00:46.209 AM]: Connection[id: 6f2d4cf1-9431-495f-8287-2bb3ec8c6520] - connection object created successfully."}
{"level":"INFO","message":"[8:00:46.210 AM]: Connection[id: 6f2d4cf1-9431-495f-8287-2bb3ec8c6520] - connecting. Associated Snowflake domain: GLOBAL"}
{"level":"INFO","message":"[8:00:46.211 AM]: Connection[id: 6f2d4cf1-9431-495f-8287-2bb3ec8c6520] - authentication successful using: SNOWFLAKE"}
{"level":"INFO","message":"[8:00:46.212 AM]: Trying to initialize Easy Logging"}
{"level":"INFO","message":"[8:00:46.215 AM]: No client config detected."}
{"level":"INFO","message":"[8:00:46.215 AM]: No config file path found. Client config will not be used."}
{"level":"INFO","message":"[8:00:46.216 AM]: Easy Logging is disabled as no config has been found"}
{"level":"INFO","message":"[8:00:46.220 AM]: Connection[id: 6f2d4cf1-9431-495f-8287-2bb3ec8c6520] - connected successfully after 10.20440000295639 milliseconds"}
{"level":"INFO","message":"[1:21:48.688 PM]: Creating new connection object"}
{"level":"INFO","message":"[1:21:48.700 PM]: Creating Connection[id: adf372c7-7773-4f0d-8a8d-299156c281e1] with host: us85842.west-us-2.azure.snowflakecomputing.com, account: us85842, accessUrl: https://us85842.west-us-2.azure.snowflakecomputing.com, user: SilverLands2, role: undefined, database: SILVER_LANDS, schema: SILVER_LANDS_DATA, warehouse: COMPUTE_WH, proxy was not configured, password is provided, region: west-us-2.azure, authenticator: SNOWFLAKE, ocsp mode: FAIL_OPEN, os: win32, os version: 10.0.19045"}
{"level":"INFO","message":"[1:21:48.700 PM]: Connection[id: adf372c7-7773-4f0d-8a8d-299156c281e1] additional details: passcode in password is provided, passcode is not provided, private key is not provided, application: undefined, client name: snowflake-sdk, client version: 2.0.1, retry timeout: 300, private key path: undefined, private key pass is not provided, client store temporary credential: false, browser response timeout: 120000"}
{"level":"INFO","message":"[1:21:48.701 PM]: Connection[id: adf372c7-7773-4f0d-8a8d-299156c281e1] - connection object created successfully."}
{"level":"INFO","message":"[1:21:48.720 PM]: Connection[id: adf372c7-7773-4f0d-8a8d-299156c281e1] - connecting. Associated Snowflake domain: GLOBAL"}
{"level":"INFO","message":"[1:21:48.722 PM]: Connection[id: adf372c7-7773-4f0d-8a8d-299156c281e1] - authentication successful using: SNOWFLAKE"}
{"level":"INFO","message":"[1:21:48.722 PM]: Trying to initialize Easy Logging"}
{"level":"INFO","message":"[1:21:48.725 PM]: No client config detected."}
{"level":"INFO","message":"[1:21:48.725 PM]: No config file path found. Client config will not be used."}
{"level":"INFO","message":"[1:21:48.725 PM]: Easy Logging is disabled as no config has been found"}
{"level":"INFO","message":"[1:21:48.729 PM]: Connection[id: adf372c7-7773-4f0d-8a8d-299156c281e1] - connected successfully after 8.564499989151955 milliseconds"}
{"level":"INFO","message":"[1:24:55.014 PM]: Creating new connection object"}
{"level":"INFO","message":"[1:24:55.023 PM]: Creating Connection[id: 1a19932f-b1f1-4045-8e43-ed5fe38ca61d] with host: us85842.west-us-2.azure.snowflakecomputing.com, account: us85842, accessUrl: https://us85842.west-us-2.azure.snowflakecomputing.com, user: SilverLands2, role: undefined, database: SILVER_LANDS, schema: SILVER_LANDS_DATA, warehouse: COMPUTE_WH, proxy was not configured, password is provided, region: west-us-2.azure, authenticator: SNOWFLAKE, ocsp mode: FAIL_OPEN, os: win32, os version: 10.0.19045"}
{"level":"INFO","message":"[1:24:55.024 PM]: Connection[id: 1a19932f-b1f1-4045-8e43-ed5fe38ca61d] additional details: passcode in password is provided, passcode is not provided, private key is not provided, application: undefined, client name: snowflake-sdk, client version: 2.0.1, retry timeout: 300, private key path: undefined, private key pass is not provided, client store temporary credential: false, browser response timeout: 120000"}
{"level":"INFO","message":"[1:24:55.025 PM]: Connection[id: 1a19932f-b1f1-4045-8e43-ed5fe38ca61d] - connection object created successfully."}
{"level":"INFO","message":"[1:24:55.044 PM]: Connection[id: 1a19932f-b1f1-4045-8e43-ed5fe38ca61d] - connecting. Associated Snowflake domain: GLOBAL"}
{"level":"INFO","message":"[1:24:55.046 PM]: Connection[id: 1a19932f-b1f1-4045-8e43-ed5fe38ca61d] - authentication successful using: SNOWFLAKE"}
{"level":"INFO","message":"[1:24:55.047 PM]: Trying to initialize Easy Logging"}
{"level":"INFO","message":"[1:24:55.049 PM]: No client config detected."}
{"level":"INFO","message":"[1:24:55.050 PM]: No config file path found. Client config will not be used."}
{"level":"INFO","message":"[1:24:55.050 PM]: Easy Logging is disabled as no config has been found"}
{"level":"INFO","message":"[1:24:55.054 PM]: Connection[id: 1a19932f-b1f1-4045-8e43-ed5fe38ca61d] - connected successfully after 9.342799991369247 milliseconds"}
{"level":"INFO","message":"[1:25:18.850 PM]: Creating new connection object"}
{"level":"INFO","message":"[1:25:18.861 PM]: Creating Connection[id: 3de041e5-2b6c-4ead-a116-b33114d872df] with host: us85842.west-us-2.azure.snowflakecomputing.com, account: us85842, accessUrl: https://us85842.west-us-2.azure.snowflakecomputing.com, user: SilverLands2, role: undefined, database: SILVER_LANDS, schema: SILVER_LANDS_DATA, warehouse: COMPUTE_WH, proxy was not configured, password is provided, region: west-us-2.azure, authenticator: SNOWFLAKE, ocsp mode: FAIL_OPEN, os: win32, os version: 10.0.19045"}
{"level":"INFO","message":"[1:25:18.862 PM]: Connection[id: 3de041e5-2b6c-4ead-a116-b33114d872df] additional details: passcode in password is provided, passcode is not provided, private key is not provided, application: undefined, client name: snowflake-sdk, client version: 2.0.1, retry timeout: 300, private key path: undefined, private key pass is not provided, client store temporary credential: false, browser response timeout: 120000"}
{"level":"INFO","message":"[1:25:18.863 PM]: Connection[id: 3de041e5-2b6c-4ead-a116-b33114d872df] - connection object created successfully."}
{"level":"INFO","message":"[1:25:18.886 PM]: Connection[id: 3de041e5-2b6c-4ead-a116-b33114d872df] - connecting. Associated Snowflake domain: GLOBAL"}
{"level":"INFO","message":"[1:25:18.888 PM]: Connection[id: 3de041e5-2b6c-4ead-a116-b33114d872df] - authentication successful using: SNOWFLAKE"}
{"level":"INFO","message":"[1:25:18.889 PM]: Trying to initialize Easy Logging"}
{"level":"INFO","message":"[1:25:18.892 PM]: No client config detected."}
{"level":"INFO","message":"[1:25:18.892 PM]: No config file path found. Client config will not be used."}
{"level":"INFO","message":"[1:25:18.893 PM]: Easy Logging is disabled as no config has been found"}
{"level":"INFO","message":"[1:25:18.897 PM]: Connection[id: 3de041e5-2b6c-4ead-a116-b33114d872df] - connected successfully after 11.092799991369247 milliseconds"}
{"level":"INFO","message":"[1:29:59.123 PM]: Creating new connection object"}
{"level":"INFO","message":"[1:29:59.132 PM]: Creating Connection[id: 640b5668-4853-4a8a-89ee-a135280778e4] with host: us85842.west-us-2.azure.snowflakecomputing.com, account: us85842, accessUrl: https://us85842.west-us-2.azure.snowflakecomputing.com, user: SILVERLANDS2, role: undefined, database: SILVER_LANDS, schema: SILVER_LANDS_DATA, warehouse: COMPUTE_WH, proxy was not configured, password is provided, region: west-us-2.azure, authenticator: SNOWFLAKE, ocsp mode: FAIL_OPEN, os: win32, os version: 10.0.19045"}
{"level":"INFO","message":"[1:29:59.133 PM]: Connection[id: 640b5668-4853-4a8a-89ee-a135280778e4] additional details: passcode in password is provided, passcode is not provided, private key is not provided, application: undefined, client name: snowflake-sdk, client version: 2.0.1, retry timeout: 300, private key path: undefined, private key pass is not provided, client store temporary credential: false, browser response timeout: 120000"}
{"level":"INFO","message":"[1:29:59.134 PM]: Connection[id: 640b5668-4853-4a8a-89ee-a135280778e4] - connection object created successfully."}
{"level":"INFO","message":"[1:29:59.155 PM]: Connection[id: 640b5668-4853-4a8a-89ee-a135280778e4] - connecting. Associated Snowflake domain: GLOBAL"}
{"level":"INFO","message":"[1:29:59.157 PM]: Connection[id: 640b5668-4853-4a8a-89ee-a135280778e4] - authentication successful using: SNOWFLAKE"}
{"level":"INFO","message":"[1:29:59.158 PM]: Trying to initialize Easy Logging"}
{"level":"INFO","message":"[1:29:59.160 PM]: No client config detected."}
{"level":"INFO","message":"[1:29:59.160 PM]: No config file path found. Client config will not be used."}
{"level":"INFO","message":"[1:29:59.161 PM]: Easy Logging is disabled as no config has been found"}
{"level":"INFO","message":"[1:29:59.164 PM]: Connection[id: 640b5668-4853-4a8a-89ee-a135280778e4] - connected successfully after 9.00450000166893 milliseconds"}
{"level":"INFO","message":"[1:30:48.766 PM]: Creating new connection object"}
{"level":"INFO","message":"[1:30:48.777 PM]: Creating Connection[id: 9e141317-4542-4843-bc3e-f64ba07fff3e] with host: us85842.west-us-2.azure.snowflakecomputing.com, account: us85842, accessUrl: https://us85842.west-us-2.azure.snowflakecomputing.com, user: VitlHankBuonforte, role: undefined, database: SILVER_LANDS, schema: SILVER_LANDS_DATA, warehouse: COMPUTE_WH, proxy was not configured, password is provided, region: west-us-2.azure, authenticator: SNOWFLAKE, ocsp mode: FAIL_OPEN, os: win32, os version: 10.0.19045"}
{"level":"INFO","message":"[1:30:48.778 PM]: Connection[id: 9e141317-4542-4843-bc3e-f64ba07fff3e] additional details: passcode in password is provided, passcode is not provided, private key is not provided, application: undefined, client name: snowflake-sdk, client version: 2.0.1, retry timeout: 300, private key path: undefined, private key pass is not provided, client store temporary credential: false, browser response timeout: 120000"}
{"level":"INFO","message":"[1:30:48.779 PM]: Connection[id: 9e141317-4542-4843-bc3e-f64ba07fff3e] - connection object created successfully."}
{"level":"INFO","message":"[1:30:48.803 PM]: Connection[id: 9e141317-4542-4843-bc3e-f64ba07fff3e] - connecting. Associated Snowflake domain: GLOBAL"}
{"level":"INFO","message":"[1:30:48.805 PM]: Connection[id: 9e141317-4542-4843-bc3e-f64ba07fff3e] - authentication successful using: SNOWFLAKE"}
{"level":"INFO","message":"[1:30:48.805 PM]: Trying to initialize Easy Logging"}
{"level":"INFO","message":"[1:30:48.815 PM]: No client config detected."}
{"level":"INFO","message":"[1:30:48.815 PM]: No config file path found. Client config will not be used."}
{"level":"INFO","message":"[1:30:48.816 PM]: Easy Logging is disabled as no config has been found"}
{"level":"INFO","message":"[1:30:48.820 PM]: Connection[id: 9e141317-4542-4843-bc3e-f64ba07fff3e] - connected successfully after 17.359099999070168 milliseconds"}
{"level":"INFO","message":"[1:36:58.550 PM]: Creating new connection object"}
{"level":"INFO","message":"[1:36:58.561 PM]: Creating Connection[id: d2addfdd-42ab-4bca-b6ce-d121eb18620a] with host: us85842.west-us-2.azure.snowflakecomputing.com, account: us85842, accessUrl: https://us85842.west-us-2.azure.snowflakecomputing.com, user: SilverLands2, role: ACCOUNTADMIN, database: SILVER_LANDS, schema: SILVER_LANDS_DATA, warehouse: COMPUTE_WH, proxy was not configured, password is provided, region: west-us-2.azure, authenticator: SNOWFLAKE, ocsp mode: FAIL_OPEN, os: win32, os version: 10.0.19045"}
{"level":"INFO","message":"[1:36:58.563 PM]: Connection[id: d2addfdd-42ab-4bca-b6ce-d121eb18620a] additional details: passcode in password is provided, passcode is not provided, private key is not provided, application: undefined, client name: snowflake-sdk, client version: 2.0.1, retry timeout: 300, private key path: undefined, private key pass is not provided, client store temporary credential: false, browser response timeout: 120000"}
{"level":"INFO","message":"[1:36:58.564 PM]: Connection[id: d2addfdd-42ab-4bca-b6ce-d121eb18620a] - connection object created successfully."}
{"level":"INFO","message":"[1:36:58.592 PM]: Connection[id: d2addfdd-42ab-4bca-b6ce-d121eb18620a] - connecting. Associated Snowflake domain: GLOBAL"}
{"level":"INFO","message":"[1:36:58.594 PM]: Connection[id: d2addfdd-42ab-4bca-b6ce-d121eb18620a] - authentication successful using: SNOWFLAKE"}
{"level":"INFO","message":"[1:36:58.595 PM]: Trying to initialize Easy Logging"}
{"level":"INFO","message":"[1:36:58.598 PM]: No client config detected."}
{"level":"INFO","message":"[1:36:58.598 PM]: No config file path found. Client config will not be used."}
{"level":"INFO","message":"[1:36:58.599 PM]: Easy Logging is disabled as no config has been found"}
{"level":"INFO","message":"[1:36:58.602 PM]: Connection[id: d2addfdd-42ab-4bca-b6ce-d121eb18620a] - connected successfully after 10.549099996685982 milliseconds"}
{"level":"INFO","message":"[1:42:46.417 PM]: Creating new connection object"}
{"level":"INFO","message":"[1:42:46.427 PM]: Creating Connection[id: ff6b0e35-0eab-4792-90ac-4a93749e60e5] with host: us85842.west-us-2.azure.snowflakecomputing.com, account: us85842, accessUrl: https://us85842.west-us-2.azure.snowflakecomputing.com, user: SilverLands2, role: ACCOUNTADMIN, database: SILVER_LANDS, schema: SILVER_LANDS_DATA, warehouse: COMPUTE_WH, proxy was not configured, password is provided, region: west-us-2.azure, authenticator: SNOWFLAKE, ocsp mode: FAIL_OPEN, os: win32, os version: 10.0.19045"}
{"level":"INFO","message":"[1:42:46.427 PM]: Connection[id: ff6b0e35-0eab-4792-90ac-4a93749e60e5] additional details: passcode in password is provided, passcode is not provided, private key is not provided, application: undefined, client name: snowflake-sdk, client version: 2.0.1, retry timeout: 300, private key path: undefined, private key pass is not provided, client store temporary credential: false, browser response timeout: 120000"}
{"level":"INFO","message":"[1:42:46.429 PM]: Connection[id: ff6b0e35-0eab-4792-90ac-4a93749e60e5] - connection object created successfully."}
{"level":"INFO","message":"[1:42:46.448 PM]: Connection[id: ff6b0e35-0eab-4792-90ac-4a93749e60e5] - connecting. Associated Snowflake domain: GLOBAL"}
{"level":"INFO","message":"[1:42:46.450 PM]: Connection[id: ff6b0e35-0eab-4792-90ac-4a93749e60e5] - authentication successful using: SNOWFLAKE"}
{"level":"INFO","message":"[1:42:46.451 PM]: Trying to initialize Easy Logging"}
{"level":"INFO","message":"[1:42:46.453 PM]: No client config detected."}
{"level":"INFO","message":"[1:42:46.454 PM]: No config file path found. Client config will not be used."}
{"level":"INFO","message":"[1:42:46.454 PM]: Easy Logging is disabled as no config has been found"}
{"level":"INFO","message":"[1:42:46.458 PM]: Connection[id: ff6b0e35-0eab-4792-90ac-4a93749e60e5] - connected successfully after 9.538099989295006 milliseconds"}
{"level":"INFO","message":"[1:43:39.541 PM]: Creating new connection object"}
{"level":"INFO","message":"[1:43:39.551 PM]: Creating Connection[id: bcec59b6-5d3a-4604-9341-20c86c56ac5d] with host: us85842.west-us-2.azure.snowflakecomputing.com, account: us85842, accessUrl: https://us85842.west-us-2.azure.snowflakecomputing.com, user: SilverLands2, role: ACCOUNTADMIN, database: SILVER_LANDS, schema: SILVER_LANDS_DATA, warehouse: COMPUTE_WH, proxy was not configured, password is provided, region: west-us-2.azure, authenticator: SNOWFLAKE, ocsp mode: FAIL_OPEN, os: win32, os version: 10.0.19045"}
{"level":"INFO","message":"[1:43:39.552 PM]: Connection[id: bcec59b6-5d3a-4604-9341-20c86c56ac5d] additional details: passcode in password is provided, passcode is not provided, private key is not provided, application: undefined, client name: snowflake-sdk, client version: 2.0.1, retry timeout: 300, private key path: undefined, private key pass is not provided, client store temporary credential: false, browser response timeout: 120000"}
{"level":"INFO","message":"[1:43:39.553 PM]: Connection[id: bcec59b6-5d3a-4604-9341-20c86c56ac5d] - connection object created successfully."}
{"level":"INFO","message":"[1:43:39.572 PM]: Connection[id: bcec59b6-5d3a-4604-9341-20c86c56ac5d] - connecting. Associated Snowflake domain: GLOBAL"}
{"level":"INFO","message":"[1:43:39.573 PM]: Connection[id: bcec59b6-5d3a-4604-9341-20c86c56ac5d] - authentication successful using: SNOWFLAKE"}
{"level":"INFO","message":"[1:43:39.574 PM]: Trying to initialize Easy Logging"}
{"level":"INFO","message":"[1:43:39.580 PM]: No client config detected."}
{"level":"INFO","message":"[1:43:39.581 PM]: No config file path found. Client config will not be used."}
{"level":"INFO","message":"[1:43:39.581 PM]: Easy Logging is disabled as no config has been found"}
{"level":"INFO","message":"[1:43:39.585 PM]: Connection[id: bcec59b6-5d3a-4604-9341-20c86c56ac5d] - connected successfully after 13.062800005078316 milliseconds"}
{"level":"INFO","message":"[1:44:32.678 PM]: Creating new connection object"}
{"level":"INFO","message":"[1:44:32.688 PM]: Creating Connection[id: 7f50163e-12fb-42a0-b972-ef443208ddb2] with host: us85842.west-us-2.azure.snowflakecomputing.com, account: us85842, accessUrl: https://us85842.west-us-2.azure.snowflakecomputing.com, user: SilverLands2, role: ACCOUNTADMIN, database: SILVER_LANDS, schema: SILVER_LANDS_DATA, warehouse: COMPUTE_WH, proxy was not configured, password is provided, region: west-us-2.azure, authenticator: SNOWFLAKE, ocsp mode: FAIL_OPEN, os: win32, os version: 10.0.19045"}
{"level":"INFO","message":"[1:44:32.689 PM]: Connection[id: 7f50163e-12fb-42a0-b972-ef443208ddb2] additional details: passcode in password is provided, passcode is not provided, private key is not provided, application: undefined, client name: snowflake-sdk, client version: 2.0.1, retry timeout: 300, private key path: undefined, private key pass is not provided, client store temporary credential: false, browser response timeout: 120000"}
{"level":"INFO","message":"[1:44:32.690 PM]: Connection[id: 7f50163e-12fb-42a0-b972-ef443208ddb2] - connection object created successfully."}
{"level":"INFO","message":"[1:44:32.710 PM]: Connection[id: 7f50163e-12fb-42a0-b972-ef443208ddb2] - connecting. Associated Snowflake domain: GLOBAL"}
{"level":"INFO","message":"[1:44:32.711 PM]: Connection[id: 7f50163e-12fb-42a0-b972-ef443208ddb2] - authentication successful using: SNOWFLAKE"}
{"level":"INFO","message":"[1:44:32.712 PM]: Trying to initialize Easy Logging"}
{"level":"INFO","message":"[1:44:32.714 PM]: No client config detected."}
{"level":"INFO","message":"[1:44:32.714 PM]: No config file path found. Client config will not be used."}
{"level":"INFO","message":"[1:44:32.715 PM]: Easy Logging is disabled as no config has been found"}
{"level":"INFO","message":"[1:44:32.719 PM]: Connection[id: 7f50163e-12fb-42a0-b972-ef443208ddb2] - connected successfully after 9.771600008010864 milliseconds"}
{"level":"INFO","message":"[1:47:35.336 PM]: Creating new connection object"}
{"level":"INFO","message":"[1:47:35.345 PM]: Creating Connection[id: 040814b7-6ebf-4ab6-a5d2-17a1b8167d5d] with host: jub14970.snowflakecomputing.com, account: jub14970, accessUrl: https://jub14970.snowflakecomputing.com, user: SilverLands2, role: ACCOUNTADMIN, database: SILVER_LANDS, schema: SILVER_LANDS_DATA, warehouse: COMPUTE_WH, proxy was not configured, password is provided, region: undefined, authenticator: SNOWFLAKE, ocsp mode: FAIL_OPEN, os: win32, os version: 10.0.19045"}
{"level":"INFO","message":"[1:47:35.346 PM]: Connection[id: 040814b7-6ebf-4ab6-a5d2-17a1b8167d5d] additional details: passcode in password is provided, passcode is not provided, private key is not provided, application: undefined, client name: snowflake-sdk, client version: 2.0.1, retry timeout: 300, private key path: undefined, private key pass is not provided, client store temporary credential: false, browser response timeout: 120000"}
{"level":"INFO","message":"[1:47:35.347 PM]: Connection[id: 040814b7-6ebf-4ab6-a5d2-17a1b8167d5d] - connection object created successfully."}
{"level":"INFO","message":"[1:47:35.366 PM]: Connection[id: 040814b7-6ebf-4ab6-a5d2-17a1b8167d5d] - connecting. Associated Snowflake domain: GLOBAL"}
{"level":"INFO","message":"[1:47:35.367 PM]: Connection[id: 040814b7-6ebf-4ab6-a5d2-17a1b8167d5d] - authentication successful using: SNOWFLAKE"}
{"level":"INFO","message":"[1:47:35.368 PM]: Trying to initialize Easy Logging"}
{"level":"INFO","message":"[1:47:35.373 PM]: No client config detected."}
{"level":"INFO","message":"[1:47:35.374 PM]: No config file path found. Client config will not be used."}
{"level":"INFO","message":"[1:47:35.375 PM]: Easy Logging is disabled as no config has been found"}
{"level":"INFO","message":"[1:47:35.378 PM]: Connection[id: 040814b7-6ebf-4ab6-a5d2-17a1b8167d5d] - connected successfully after 12.810499995946884 milliseconds"}
{"level":"INFO","message":"[1:51:57.387 PM]: Creating new connection object"}
{"level":"INFO","message":"[1:51:57.396 PM]: Creating Connection[id: dffcc2bb-add3-4608-8a36-155d3cb9ba9d] with host: jub14970.snowflakecomputing.com, account: jub14970, accessUrl: https://jub14970.snowflakecomputing.com, user: SilverLands2, role: ACCOUNTADMIN, database: SILVER_LANDS, schema: SILVER_LANDS_DATA, warehouse: COMPUTE_WH, proxy was not configured, password is provided, region: undefined, authenticator: SNOWFLAKE, ocsp mode: FAIL_OPEN, os: win32, os version: 10.0.19045"}
{"level":"INFO","message":"[1:51:57.397 PM]: Connection[id: dffcc2bb-add3-4608-8a36-155d3cb9ba9d] additional details: passcode in password is provided, passcode is not provided, private key is not provided, application: undefined, client name: snowflake-sdk, client version: 2.0.1, retry timeout: 300, private key path: undefined, private key pass is not provided, client store temporary credential: false, browser response timeout: 120000"}
{"level":"INFO","message":"[1:51:57.398 PM]: Connection[id: dffcc2bb-add3-4608-8a36-155d3cb9ba9d] - connection object created successfully."}
{"level":"INFO","message":"[1:51:57.416 PM]: Connection[id: dffcc2bb-add3-4608-8a36-155d3cb9ba9d] - connecting. Associated Snowflake domain: GLOBAL"}
{"level":"INFO","message":"[1:51:57.418 PM]: Connection[id: dffcc2bb-add3-4608-8a36-155d3cb9ba9d] - authentication successful using: SNOWFLAKE"}
{"level":"INFO","message":"[1:51:57.418 PM]: Trying to initialize Easy Logging"}
{"level":"INFO","message":"[1:51:57.421 PM]: No client config detected."}
{"level":"INFO","message":"[1:51:57.421 PM]: No config file path found. Client config will not be used."}
{"level":"INFO","message":"[1:51:57.422 PM]: Easy Logging is disabled as no config has been found"}
{"level":"INFO","message":"[1:51:57.425 PM]: Connection[id: dffcc2bb-add3-4608-8a36-155d3cb9ba9d] - connected successfully after 9.48819999396801 milliseconds"}
{"level":"INFO","message":"[1:56:58.371 PM]: Creating new connection object"}
{"level":"INFO","message":"[1:56:58.380 PM]: Creating Connection[id: faad3cd1-4468-4c40-8526-76dcc879b39d] with host: jub14970.snowflakecomputing.com, account: jub14970, accessUrl: https://jub14970.snowflakecomputing.com, user: SilverLands2, role: ACCOUNTADMIN, database: SILVER_LANDS, schema: SILVER_LANDS_DATA, warehouse: COMPUTE_WH, proxy was not configured, password is provided, region: undefined, authenticator: SNOWFLAKE, ocsp mode: FAIL_OPEN, os: win32, os version: 10.0.19045"}
{"level":"INFO","message":"[1:56:58.382 PM]: Connection[id: faad3cd1-4468-4c40-8526-76dcc879b39d] additional details: passcode in password is provided, passcode is not provided, private key is not provided, application: undefined, client name: snowflake-sdk, client version: 2.0.1, retry timeout: 300, private key path: undefined, private key pass is not provided, client store temporary credential: false, browser response timeout: 120000"}
{"level":"INFO","message":"[1:56:58.384 PM]: Connection[id: faad3cd1-4468-4c40-8526-76dcc879b39d] - connection object created successfully."}
{"level":"INFO","message":"[1:56:58.411 PM]: Connection[id: faad3cd1-4468-4c40-8526-76dcc879b39d] - connecting. Associated Snowflake domain: GLOBAL"}
{"level":"INFO","message":"[1:56:58.413 PM]: Connection[id: faad3cd1-4468-4c40-8526-76dcc879b39d] - authentication successful using: SNOWFLAKE"}
{"level":"INFO","message":"[1:56:58.413 PM]: Trying to initialize Easy Logging"}
{"level":"INFO","message":"[1:56:58.419 PM]: No client config detected."}
{"level":"INFO","message":"[1:56:58.420 PM]: No config file path found. Client config will not be used."}
{"level":"INFO","message":"[1:56:58.421 PM]: Easy Logging is disabled as no config has been found"}
{"level":"INFO","message":"[1:56:58.425 PM]: Connection[id: faad3cd1-4468-4c40-8526-76dcc879b39d] - connected successfully after 14.257499992847443 milliseconds"}
{"level":"INFO","message":"[2:04:23.401 PM]: Creating new connection object"}
{"level":"INFO","message":"[2:04:23.410 PM]: Creating Connection[id: ad2d4b68-2499-41b8-8388-12c89bed0314] with host: jub14970.snowflakecomputing.com, account: jub14970, accessUrl: https://jub14970.snowflakecomputing.com, user: SilverLands2, role: ACCOUNTADMIN, database: SILVER_LANDS, schema: SILVER_LANDS_DATA, warehouse: COMPUTE_WH, proxy was not configured, password is provided, region: undefined, authenticator: SNOWFLAKE, ocsp mode: FAIL_OPEN, os: win32, os version: 10.0.19045"}
{"level":"INFO","message":"[2:04:23.411 PM]: Connection[id: ad2d4b68-2499-41b8-8388-12c89bed0314] additional details: passcode in password is provided, passcode is not provided, private key is not provided, application: undefined, client name: snowflake-sdk, client version: 2.0.1, retry timeout: 300, private key path: undefined, private key pass is not provided, client store temporary credential: false, browser response timeout: 120000"}
{"level":"INFO","message":"[2:04:23.412 PM]: Connection[id: ad2d4b68-2499-41b8-8388-12c89bed0314] - connection object created successfully."}
{"level":"INFO","message":"[2:04:23.432 PM]: Connection[id: ad2d4b68-2499-41b8-8388-12c89bed0314] - connecting. Associated Snowflake domain: GLOBAL"}
{"level":"INFO","message":"[2:04:23.434 PM]: Connection[id: ad2d4b68-2499-41b8-8388-12c89bed0314] - authentication successful using: SNOWFLAKE"}
{"level":"INFO","message":"[2:04:23.434 PM]: Trying to initialize Easy Logging"}
{"level":"INFO","message":"[2:04:23.440 PM]: No client config detected."}
{"level":"INFO","message":"[2:04:23.441 PM]: No config file path found. Client config will not be used."}
{"level":"INFO","message":"[2:04:23.441 PM]: Easy Logging is disabled as no config has been found"}
{"level":"INFO","message":"[2:04:23.444 PM]: Connection[id: ad2d4b68-2499-41b8-8388-12c89bed0314] - connected successfully after 12.373400002717972 milliseconds"}
{"level":"INFO","message":"[2:11:00.548 PM]: Creating new connection object"}
{"level":"INFO","message":"[2:11:00.558 PM]: Creating Connection[id: 715e248f-35d9-4b6c-b98c-18e30788ed84] with host: jub14970.snowflakecomputing.com, account: jub14970, accessUrl: https://jub14970.snowflakecomputing.com, user: SilverLands2, role: ACCOUNTADMIN, database: SILVER_LANDS, schema: SILVER_LANDS_DATA, warehouse: COMPUTE_WH, proxy was not configured, password is provided, region: undefined, authenticator: SNOWFLAKE, ocsp mode: FAIL_OPEN, os: win32, os version: 10.0.19045"}
{"level":"INFO","message":"[2:11:00.559 PM]: Connection[id: 715e248f-35d9-4b6c-b98c-18e30788ed84] additional details: passcode in password is provided, passcode is not provided, private key is not provided, application: undefined, client name: snowflake-sdk, client version: 2.0.1, retry timeout: 300, private key path: undefined, private key pass is not provided, client store temporary credential: false, browser response timeout: 120000"}
{"level":"INFO","message":"[2:11:00.560 PM]: Connection[id: 715e248f-35d9-4b6c-b98c-18e30788ed84] - connection object created successfully."}
{"level":"INFO","message":"[2:11:00.580 PM]: Connection[id: 715e248f-35d9-4b6c-b98c-18e30788ed84] - connecting. Associated Snowflake domain: GLOBAL"}
{"level":"INFO","message":"[2:11:00.582 PM]: Connection[id: 715e248f-35d9-4b6c-b98c-18e30788ed84] - authentication successful using: SNOWFLAKE"}
{"level":"INFO","message":"[2:11:00.582 PM]: Trying to initialize Easy Logging"}
{"level":"INFO","message":"[2:11:00.585 PM]: No client config detected."}
{"level":"INFO","message":"[2:11:00.585 PM]: No config file path found. Client config will not be used."}
{"level":"INFO","message":"[2:11:00.586 PM]: Easy Logging is disabled as no config has been found"}
{"level":"INFO","message":"[2:11:00.589 PM]: Connection[id: 715e248f-35d9-4b6c-b98c-18e30788ed84] - connected successfully after 9.277400001883507 milliseconds"}
{"level":"INFO","message":"[2:36:45.182 PM]: Creating new connection object"}
{"level":"INFO","message":"[2:36:45.196 PM]: Creating Connection[id: 28905a72-fdd6-445c-837c-5bf3985e5ab1] with host: jub14970.snowflakecomputing.com, account: jub14970, accessUrl: https://jub14970.snowflakecomputing.com, user: SilverLands2, role: ACCOUNTADMIN, database: SILVER_LANDS, schema: SILVER_LANDS_DATA, warehouse: COMPUTE_WH, proxy was not configured, password is provided, region: undefined, authenticator: SNOWFLAKE, ocsp mode: FAIL_OPEN, os: win32, os version: 10.0.19045"}
{"level":"INFO","message":"[2:36:45.197 PM]: Connection[id: 28905a72-fdd6-445c-837c-5bf3985e5ab1] additional details: passcode in password is provided, passcode is not provided, private key is not provided, application: undefined, client name: snowflake-sdk, client version: 2.0.1, retry timeout: 300, private key path: undefined, private key pass is not provided, client store temporary credential: false, browser response timeout: 120000"}
{"level":"INFO","message":"[2:36:45.198 PM]: Connection[id: 28905a72-fdd6-445c-837c-5bf3985e5ab1] - connection object created successfully."}
{"level":"INFO","message":"[2:36:45.222 PM]: Connection[id: 28905a72-fdd6-445c-837c-5bf3985e5ab1] - connecting. Associated Snowflake domain: GLOBAL"}
{"level":"INFO","message":"[2:36:45.224 PM]: Connection[id: 28905a72-fdd6-445c-837c-5bf3985e5ab1] - authentication successful using: SNOWFLAKE"}
{"level":"INFO","message":"[2:36:45.225 PM]: Trying to initialize Easy Logging"}
{"level":"INFO","message":"[2:36:45.227 PM]: No client config detected."}
{"level":"INFO","message":"[2:36:45.228 PM]: No config file path found. Client config will not be used."}
{"level":"INFO","message":"[2:36:45.229 PM]: Easy Logging is disabled as no config has been found"}
{"level":"INFO","message":"[2:36:45.233 PM]: Connection[id: 28905a72-fdd6-445c-837c-5bf3985e5ab1] - connected successfully after 10.737300008535385 milliseconds"}
{"level":"INFO","message":"[2:39:07.172 PM]: Creating new connection object"}
{"level":"INFO","message":"[2:39:07.182 PM]: Creating Connection[id: 6e2971c4-0a28-4f20-93ea-7a3a93da0b9c] with host: jub14970.snowflakecomputing.com, account: jub14970, accessUrl: https://jub14970.snowflakecomputing.com, user: SilverLands2, role: ACCOUNTADMIN, database: SILVER_LANDS, schema: SILVER_LANDS_DATA, warehouse: COMPUTE_WH, proxy was not configured, password is provided, region: undefined, authenticator: SNOWFLAKE, ocsp mode: FAIL_OPEN, os: win32, os version: 10.0.19045"}
{"level":"INFO","message":"[2:39:07.183 PM]: Connection[id: 6e2971c4-0a28-4f20-93ea-7a3a93da0b9c] additional details: passcode in password is provided, passcode is not provided, private key is not provided, application: undefined, client name: snowflake-sdk, client version: 2.0.1, retry timeout: 300, private key path: undefined, private key pass is not provided, client store temporary credential: false, browser response timeout: 120000"}
{"level":"INFO","message":"[2:39:07.184 PM]: Connection[id: 6e2971c4-0a28-4f20-93ea-7a3a93da0b9c] - connection object created successfully."}
{"level":"INFO","message":"[2:39:07.205 PM]: Connection[id: 6e2971c4-0a28-4f20-93ea-7a3a93da0b9c] - connecting. Associated Snowflake domain: GLOBAL"}
{"level":"INFO","message":"[2:39:07.206 PM]: Connection[id: 6e2971c4-0a28-4f20-93ea-7a3a93da0b9c] - authentication successful using: SNOWFLAKE"}
{"level":"INFO","message":"[2:39:07.207 PM]: Trying to initialize Easy Logging"}
{"level":"INFO","message":"[2:39:07.210 PM]: No client config detected."}
{"level":"INFO","message":"[2:39:07.210 PM]: No config file path found. Client config will not be used."}
{"level":"INFO","message":"[2:39:07.210 PM]: Easy Logging is disabled as no config has been found"}
{"level":"INFO","message":"[2:39:07.214 PM]: Connection[id: 6e2971c4-0a28-4f20-93ea-7a3a93da0b9c] - connected successfully after 9.30349999666214 milliseconds"}
{"level":"INFO","message":"[2:41:04.592 PM]: Creating new connection object"}
{"level":"INFO","message":"[2:41:04.602 PM]: Creating Connection[id: 0d93208d-66bc-4ffd-b5ef-0365eb07ed6c] with host: jub14970.snowflakecomputing.com, account: jub14970, accessUrl: https://jub14970.snowflakecomputing.com, user: SilverLands2, role: ACCOUNTADMIN, database: SILVER_LANDS, schema: SILVER_LANDS_DATA, warehouse: COMPUTE_WH, proxy was not configured, password is provided, region: undefined, authenticator: SNOWFLAKE, ocsp mode: FAIL_OPEN, os: win32, os version: 10.0.19045"}
{"level":"INFO","message":"[2:41:04.603 PM]: Connection[id: 0d93208d-66bc-4ffd-b5ef-0365eb07ed6c] additional details: passcode in password is provided, passcode is not provided, private key is not provided, application: undefined, client name: snowflake-sdk, client version: 2.0.1, retry timeout: 300, private key path: undefined, private key pass is not provided, client store temporary credential: false, browser response timeout: 120000"}
{"level":"INFO","message":"[2:41:04.604 PM]: Connection[id: 0d93208d-66bc-4ffd-b5ef-0365eb07ed6c] - connection object created successfully."}
{"level":"INFO","message":"[2:41:04.624 PM]: Connection[id: 0d93208d-66bc-4ffd-b5ef-0365eb07ed6c] - connecting. Associated Snowflake domain: GLOBAL"}
{"level":"INFO","message":"[2:41:04.625 PM]: Connection[id: 0d93208d-66bc-4ffd-b5ef-0365eb07ed6c] - authentication successful using: SNOWFLAKE"}
{"level":"INFO","message":"[2:41:04.626 PM]: Trying to initialize Easy Logging"}
{"level":"INFO","message":"[2:41:04.631 PM]: No client config detected."}
{"level":"INFO","message":"[2:41:04.632 PM]: No config file path found. Client config will not be used."}
{"level":"INFO","message":"[2:41:04.632 PM]: Easy Logging is disabled as no config has been found"}
{"level":"INFO","message":"[2:41:04.636 PM]: Connection[id: 0d93208d-66bc-4ffd-b5ef-0365eb07ed6c] - connected successfully after 12.81139999628067 milliseconds"}
{"level":"INFO","message":"[2:44:25.266 PM]: Creating new connection object"}
{"level":"INFO","message":"[2:44:25.275 PM]: Creating Connection[id: e09c32ce-e1f3-4767-9197-26cf4663bd1e] with host: jub14970.snowflakecomputing.com, account: jub14970, accessUrl: https://jub14970.snowflakecomputing.com, user: SilverLands2, role: ACCOUNTADMIN, database: SILVER_LANDS, schema: SILVER_LANDS_DATA, warehouse: COMPUTE_WH, proxy was not configured, password is provided, region: undefined, authenticator: SNOWFLAKE, ocsp mode: FAIL_OPEN, os: win32, os version: 10.0.19045"}
{"level":"INFO","message":"[2:44:25.275 PM]: Connection[id: e09c32ce-e1f3-4767-9197-26cf4663bd1e] additional details: passcode in password is provided, passcode is not provided, private key is not provided, application: undefined, client name: snowflake-sdk, client version: 2.0.1, retry timeout: 300, private key path: undefined, private key pass is not provided, client store temporary credential: false, browser response timeout: 120000"}
{"level":"INFO","message":"[2:44:25.276 PM]: Connection[id: e09c32ce-e1f3-4767-9197-26cf4663bd1e] - connection object created successfully."}
{"level":"INFO","message":"[2:44:25.295 PM]: Connection[id: e09c32ce-e1f3-4767-9197-26cf4663bd1e] - connecting. Associated Snowflake domain: GLOBAL"}
{"level":"INFO","message":"[2:44:25.297 PM]: Connection[id: e09c32ce-e1f3-4767-9197-26cf4663bd1e] - authentication successful using: SNOWFLAKE"}
{"level":"INFO","message":"[2:44:25.298 PM]: Trying to initialize Easy Logging"}
{"level":"INFO","message":"[2:44:25.303 PM]: No client config detected."}
{"level":"INFO","message":"[2:44:25.304 PM]: No config file path found. Client config will not be used."}
{"level":"INFO","message":"[2:44:25.304 PM]: Easy Logging is disabled as no config has been found"}
{"level":"INFO","message":"[2:44:25.308 PM]: Connection[id: e09c32ce-e1f3-4767-9197-26cf4663bd1e] - connected successfully after 12.120600000023842 milliseconds"}
